2.5525 	WARNING 	Requested audio device 'LG ULTRAWIDE' that is not available on this hardware. The 'audioDevice' preference should be one of ['MacBook Air Speakers', 'ZoomAudioDevice']
34.2385 	DEBUG 	Fullscreen settings ignored as running in pilot mode.
34.2402 	INFO 	Loaded monitor calibration from ['2024_06_13 13:31']
34.4837 	EXP 	Created window1 = Window(allowGUI=True, allowStencil=True, autoLog=True, backendConf=UNKNOWN, backgroundFit=<method-wrapper '__getattribute__' of attributeSetter object at 0x15e592890>, backgroundImage=<method-wrapper '__getattribute__' of attributeSetter object at 0x15e5928f0>, bitsMode=UNKNOWN, blendMode='avg', bpc=(8, 8, 8), color=array([0, 0, 0]), colorSpace='rgb', depthBits=8, fullscr=<method-wrapper '__getattribute__' of attributeSetter object at 0x15e592aa0>, gamma=None, gammaErrorPolicy='raise', infoMsg=UNKNOWN, lms=UNKNOWN, monitor=<psychopy.monitors.calibTools.Monitor object at 0x15e507ca0>, multiSample=False, name='window1', numSamples=2, pos=[335.0, 178.0], screen=0, size=array([1600, 1200]), stencilBits=8, stereo=False, title='PsychoPy', units='height', useFBO=True, useRetina=True, viewOri=0.0, viewPos=None, viewScale=None, waitBlanking=True, winType='pyglet')
34.4838 	EXP 	window1: backgroundImage = ''
34.4838 	EXP 	window1: backgroundFit = 'none'
34.4840 	EXP 	window1: mouseVisible = <method-wrapper '__getattribute__' of attributeSetter object at 0x15e592770>
34.4841 	EXP 	window1: mouseVisible = <method-wrapper '__getattribute__' of attributeSetter object at 0x15e592770>
34.4903 	EXP 	window1: mouseVisible = <method-wrapper '__getattribute__' of attributeSetter object at 0x15e592770>
34.4915 	EXP 	window1: mouseVisible = <method-wrapper '__getattribute__' of attributeSetter object at 0x15e592770>
34.5124 	DEBUG 	TextBox2 loaded 1 chars with 0 blanks and 1 valid
34.5130 	DEBUG 	TextBox2 loaded 1 chars with 0 blanks and 1 valid
34.5135 	DEBUG 	TextBox2 loaded 1 chars with 0 blanks and 1 valid
34.5141 	DEBUG 	TextBox2 loaded 1 chars with 0 blanks and 1 valid
34.5147 	DEBUG 	TextBox2 loaded 1 chars with 0 blanks and 1 valid
34.5149 	DEBUG 	TextBox2 loaded 1 chars with 0 blanks and 1 valid
34.5154 	DEBUG 	TextBox2 loaded 1 chars with 0 blanks and 1 valid
34.5161 	DEBUG 	TextBox2 loaded 1 chars with 0 blanks and 1 valid
34.5162 	DEBUG 	TextBox2 loaded 1 chars with 0 blanks and 1 valid
34.5164 	DEBUG 	TextBox2 loaded 1 chars with 0 blanks and 1 valid
34.5168 	DEBUG 	TextBox2 loaded 1 chars with 0 blanks and 1 valid
34.5173 	DEBUG 	TextBox2 loaded 1 chars with 0 blanks and 1 valid
34.5177 	DEBUG 	TextBox2 loaded 1 chars with 0 blanks and 1 valid
34.5182 	DEBUG 	TextBox2 loaded 1 chars with 0 blanks and 1 valid
34.5186 	DEBUG 	TextBox2 loaded 1 chars with 0 blanks and 1 valid
34.5191 	DEBUG 	TextBox2 loaded 1 chars with 0 blanks and 1 valid
34.5195 	DEBUG 	TextBox2 loaded 1 chars with 0 blanks and 1 valid
34.5198 	DEBUG 	TextBox2 loaded 1 chars with 0 blanks and 1 valid
34.5200 	DEBUG 	TextBox2 loaded 1 chars with 0 blanks and 1 valid
34.5207 	DEBUG 	TextBox2 loaded 1 chars with 0 blanks and 1 valid
34.5209 	DEBUG 	TextBox2 loaded 1 chars with 0 blanks and 1 valid
34.5211 	DEBUG 	Uploading Texture Font fontname to graphics card
34.5243 	DEBUG 	Upload of Texture Font fontname complete
34.5253 	EXP 	window1: mouseVisible = <method-wrapper '__getattribute__' of attributeSetter object at 0x15e592770>
34.5253 	EXP 	window1: mouseVisible = <method-wrapper '__getattribute__' of attributeSetter object at 0x15e592770>
34.5257 	EXP 	window1: mouseVisible = <method-wrapper '__getattribute__' of attributeSetter object at 0x15e592770>
34.5260 	EXP 	window1: mouseVisible = <method-wrapper '__getattribute__' of attributeSetter object at 0x15e592770>
34.5285 	DEBUG 	TextBox2 loaded 1 chars with 0 blanks and 1 valid
34.5292 	DEBUG 	TextBox2 loaded 1 chars with 0 blanks and 1 valid
34.5298 	DEBUG 	TextBox2 loaded 1 chars with 0 blanks and 1 valid
34.5299 	DEBUG 	Uploading Texture Font fontname to graphics card
34.5320 	DEBUG 	Upload of Texture Font fontname complete
34.5333 	EXP 	window1: Attempting to measure frame rate of screen (0) ...
34.5333 	EXP 	window1: recordFrameIntervals = False
34.7946 	EXP 	window1: recordFrameIntervals = True
35.6597 	WARNING 	Couldn't measure a consistent frame rate!
  - Is your graphics card set to sync to vertical blank?
  - Are you running other processes on your computer?

35.6606 	EXP 	window1: mouseVisible = False
35.6612 	EXP 	window1: mouseVisible = False
35.6615 	EXP 	window1: mouseVisible = False
35.6625 	EXP 	window1: mouseVisible = False
35.6633 	EXP 	window1: mouseVisible = False
35.6702 	DEBUG 	TextBox2 loaded 1 chars with 0 blanks and 1 valid
35.6709 	DEBUG 	TextBox2 loaded 1 chars with 0 blanks and 1 valid
35.6720 	DEBUG 	TextBox2 loaded 1 chars with 0 blanks and 1 valid
35.6733 	DEBUG 	TextBox2 loaded 1 chars with 0 blanks and 1 valid
35.6746 	DEBUG 	TextBox2 loaded 1 chars with 0 blanks and 1 valid
35.6758 	DEBUG 	TextBox2 loaded 1 chars with 0 blanks and 1 valid
35.6763 	DEBUG 	TextBox2 loaded 1 chars with 0 blanks and 1 valid
35.6774 	DEBUG 	TextBox2 loaded 1 chars with 0 blanks and 1 valid
35.6785 	DEBUG 	TextBox2 loaded 1 chars with 0 blanks and 1 valid
35.6794 	DEBUG 	TextBox2 loaded 1 chars with 0 blanks and 1 valid
35.6797 	DEBUG 	Uploading Texture Font fontname to graphics card
35.6831 	DEBUG 	Upload of Texture Font fontname complete
35.6845 	EXP 	window1: mouseVisible = False
35.6846 	EXP 	window1: mouseVisible = False
35.6850 	EXP 	window1: mouseVisible = False
35.6855 	EXP 	window1: mouseVisible = False
35.7136 	WARNING 	launchHubServer: If using the iohub mouse or eyetracker devices, fullScr should be True.
67.4143 	EXP 	window1: mouseVisible = True
67.4154 	DEBUG 	Saving data for SLS673_FA24_Assignment2 ExperimentHandler
67.4168 	INFO 	saved data to /Users/sebi/Library/CloudStorage/OneDrive-hawaii.edu/Fall 2024/SLS673 - Applied Psycholinguistics & SLA/Assignments/Assignment 2/SLS673_FA24_Assignment2_Psychopy/data/207132_SLS673_FA24_Assignment2_2024-10-13_07h06.44.141.psydat
67.4173 	INFO 	saved data to '/Users/sebi/Library/CloudStorage/OneDrive-hawaii.edu/Fall 2024/SLS673 - Applied Psycholinguistics & SLA/Assignments/Assignment 2/SLS673_FA24_Assignment2_Psychopy/data/207132_SLS673_FA24_Assignment2_2024-10-13_07h06.44.141.csv'
