2.2745 	WARNING 	Requested audio device 'LG ULTRAWIDE' that is not available on this hardware. The 'audioDevice' preference should be one of ['MacBook Air Speakers', 'ZoomAudioDevice']
7.2582 	DEBUG 	Fullscreen settings ignored as running in pilot mode.
7.2592 	INFO 	Loaded monitor calibration from ['2024_06_13 13:31']
7.4759 	EXP 	Created window1 = Window(allowGUI=True, allowStencil=True, autoLog=True, backendConf=UNKNOWN, backgroundFit=<method-wrapper '__getattribute__' of attributeSetter object at 0x7f7cc141f910>, backgroundImage=<method-wrapper '__getattribute__' of attributeSetter object at 0x7f7cc141f8b0>, bitsMode=UNKNOWN, blendMode='avg', bpc=(8, 8, 8), color=array([0, 0, 0]), colorSpace='rgb', depthBits=8, fullscr=<method-wrapper '__getattribute__' of attributeSetter object at 0x7f7cc141f6a0>, gamma=None, gammaErrorPolicy='raise', infoMsg=UNKNOWN, lms=UNKNOWN, monitor=<psychopy.monitors.calibTools.Monitor object at 0x7f7cb2e44b50>, multiSample=False, name='window1', numSamples=2, pos=[535.0, 328.0], screen=0, size=array([1600, 1200]), stencilBits=8, stereo=False, title='PsychoPy', units='height', useFBO=True, useRetina=True, viewOri=0.0, viewPos=None, viewScale=None, waitBlanking=True, winType='pyglet')
7.4760 	EXP 	window1: backgroundImage = ''
7.4760 	EXP 	window1: backgroundFit = 'none'
7.4761 	EXP 	window1: mouseVisible = <method-wrapper '__getattribute__' of attributeSetter object at 0x7f7cc141fa30>
7.4763 	EXP 	window1: mouseVisible = <method-wrapper '__getattribute__' of attributeSetter object at 0x7f7cc141fa30>
7.4784 	EXP 	window1: mouseVisible = <method-wrapper '__getattribute__' of attributeSetter object at 0x7f7cc141fa30>
7.4788 	EXP 	window1: mouseVisible = <method-wrapper '__getattribute__' of attributeSetter object at 0x7f7cc141fa30>
7.4881 	DEBUG 	TextBox2 loaded 1 chars with 0 blanks and 1 valid
7.4886 	DEBUG 	TextBox2 loaded 1 chars with 0 blanks and 1 valid
7.4891 	DEBUG 	TextBox2 loaded 1 chars with 0 blanks and 1 valid
7.4898 	DEBUG 	TextBox2 loaded 1 chars with 0 blanks and 1 valid
7.4904 	DEBUG 	TextBox2 loaded 1 chars with 0 blanks and 1 valid
7.4907 	DEBUG 	TextBox2 loaded 1 chars with 0 blanks and 1 valid
7.4911 	DEBUG 	TextBox2 loaded 1 chars with 0 blanks and 1 valid
7.4918 	DEBUG 	TextBox2 loaded 1 chars with 0 blanks and 1 valid
7.4922 	DEBUG 	TextBox2 loaded 1 chars with 0 blanks and 1 valid
7.4924 	DEBUG 	TextBox2 loaded 1 chars with 0 blanks and 1 valid
7.4929 	DEBUG 	TextBox2 loaded 1 chars with 0 blanks and 1 valid
7.4933 	DEBUG 	TextBox2 loaded 1 chars with 0 blanks and 1 valid
7.4938 	DEBUG 	TextBox2 loaded 1 chars with 0 blanks and 1 valid
7.4942 	DEBUG 	TextBox2 loaded 1 chars with 0 blanks and 1 valid
7.4946 	DEBUG 	TextBox2 loaded 1 chars with 0 blanks and 1 valid
7.4951 	DEBUG 	TextBox2 loaded 1 chars with 0 blanks and 1 valid
7.4956 	DEBUG 	TextBox2 loaded 1 chars with 0 blanks and 1 valid
7.4958 	DEBUG 	TextBox2 loaded 1 chars with 0 blanks and 1 valid
7.4961 	DEBUG 	TextBox2 loaded 1 chars with 0 blanks and 1 valid
7.4967 	DEBUG 	TextBox2 loaded 1 chars with 0 blanks and 1 valid
7.4971 	DEBUG 	TextBox2 loaded 1 chars with 0 blanks and 1 valid
7.4977 	DEBUG 	Uploading Texture Font fontname to graphics card
7.5010 	DEBUG 	Upload of Texture Font fontname complete
7.5032 	EXP 	window1: mouseVisible = <method-wrapper '__getattribute__' of attributeSetter object at 0x7f7cc141fa30>
7.5033 	EXP 	window1: mouseVisible = <method-wrapper '__getattribute__' of attributeSetter object at 0x7f7cc141fa30>
7.5037 	EXP 	window1: mouseVisible = <method-wrapper '__getattribute__' of attributeSetter object at 0x7f7cc141fa30>
7.5041 	EXP 	window1: mouseVisible = <method-wrapper '__getattribute__' of attributeSetter object at 0x7f7cc141fa30>
7.5071 	DEBUG 	TextBox2 loaded 1 chars with 0 blanks and 1 valid
7.5078 	DEBUG 	TextBox2 loaded 1 chars with 0 blanks and 1 valid
7.5085 	DEBUG 	TextBox2 loaded 1 chars with 0 blanks and 1 valid
7.5086 	DEBUG 	Uploading Texture Font fontname to graphics card
7.5105 	DEBUG 	Upload of Texture Font fontname complete
7.5128 	EXP 	window1: Attempting to measure frame rate of screen (0) ...
7.5128 	EXP 	window1: recordFrameIntervals = False
7.8422 	EXP 	window1: recordFrameIntervals = True
8.6764 	WARNING 	Couldn't measure a consistent frame rate!
  - Is your graphics card set to sync to vertical blank?
  - Are you running other processes on your computer?

8.6766 	EXP 	window1: mouseVisible = False
8.6770 	EXP 	window1: mouseVisible = False
8.6774 	EXP 	window1: mouseVisible = False
8.6785 	EXP 	window1: mouseVisible = False
8.6795 	EXP 	window1: mouseVisible = False
8.6868 	DEBUG 	TextBox2 loaded 1 chars with 0 blanks and 1 valid
8.6873 	DEBUG 	TextBox2 loaded 1 chars with 0 blanks and 1 valid
8.6883 	DEBUG 	TextBox2 loaded 1 chars with 0 blanks and 1 valid
8.6895 	DEBUG 	TextBox2 loaded 1 chars with 0 blanks and 1 valid
8.6906 	DEBUG 	TextBox2 loaded 1 chars with 0 blanks and 1 valid
8.6918 	DEBUG 	TextBox2 loaded 1 chars with 0 blanks and 1 valid
8.6923 	DEBUG 	TextBox2 loaded 1 chars with 0 blanks and 1 valid
8.6933 	DEBUG 	TextBox2 loaded 1 chars with 0 blanks and 1 valid
8.6944 	DEBUG 	TextBox2 loaded 1 chars with 0 blanks and 1 valid
8.6954 	DEBUG 	TextBox2 loaded 1 chars with 0 blanks and 1 valid
8.6957 	DEBUG 	Uploading Texture Font fontname to graphics card
8.6989 	DEBUG 	Upload of Texture Font fontname complete
8.7023 	EXP 	window1: mouseVisible = False
8.7024 	EXP 	window1: mouseVisible = False
8.7030 	EXP 	window1: mouseVisible = False
8.7035 	EXP 	window1: mouseVisible = False
8.7369 	WARNING 	launchHubServer: If using the iohub mouse or eyetracker devices, fullScr should be True.
39.0402 	EXP 	window1: mouseVisible = True
39.0417 	DEBUG 	Saving data for SLS673_FA24_Assignment2 ExperimentHandler
39.0430 	INFO 	saved data to /Users/sebi/Library/CloudStorage/OneDrive-hawaii.edu/Fall 2024/SLS673 - Applied Psycholinguistics & SLA/Assignments/Assignment 2/SLS673_FA24_Assignment2_Psychopy/data/558565_SLS673_FA24_Assignment2_2024-10-13_06h46.45.102.psydat
39.0433 	INFO 	saved data to '/Users/sebi/Library/CloudStorage/OneDrive-hawaii.edu/Fall 2024/SLS673 - Applied Psycholinguistics & SLA/Assignments/Assignment 2/SLS673_FA24_Assignment2_Psychopy/data/558565_SLS673_FA24_Assignment2_2024-10-13_06h46.45.102.csv'
